2020-03-04 15:54:20 LogFactory.java DEBUG Logging initialized using 'class org.apache.ibatis.logging.log4j.Log4jImpl' adapter.
2020-03-04 15:54:20 PooledDataSource.java DEBUG PooledDataSource forcefully closed/removed all connections.
2020-03-04 15:54:20 PooledDataSource.java DEBUG PooledDataSource forcefully closed/removed all connections.
2020-03-04 15:54:20 PooledDataSource.java DEBUG PooledDataSource forcefully closed/removed all connections.
2020-03-04 15:54:20 PooledDataSource.java DEBUG PooledDataSource forcefully closed/removed all connections.
2020-03-04 15:54:21 JdbcTransaction.java DEBUG Opening JDBC Connection
2020-03-04 15:54:21 PooledDataSource.java DEBUG Created connection 348984985.
2020-03-04 15:54:21 JdbcTransaction.java DEBUG Setting autocommit to false on JDBC Connection [com.mysql.cj.jdbc.ConnectionImpl@14cd1699]
2020-03-04 15:54:21 BaseJdbcLogger.java DEBUG ==>  Preparing: select * from maven 
2020-03-04 15:54:21 BaseJdbcLogger.java DEBUG ==> Parameters: 
2020-03-04 15:54:21 BaseJdbcLogger.java DEBUG <==      Total: 2
2020-03-04 15:54:21 JdbcTransaction.java DEBUG Resetting autocommit to true on JDBC Connection [com.mysql.cj.jdbc.ConnectionImpl@14cd1699]
2020-03-04 15:54:21 JdbcTransaction.java DEBUG Closing JDBC Connection [com.mysql.cj.jdbc.ConnectionImpl@14cd1699]
2020-03-04 15:54:21 PooledDataSource.java DEBUG Returned connection 348984985 to pool.
2020-03-04 15:56:14 LogFactory.java DEBUG Logging initialized using 'class org.apache.ibatis.logging.log4j.Log4jImpl' adapter.
2020-03-04 15:56:14 PooledDataSource.java DEBUG PooledDataSource forcefully closed/removed all connections.
2020-03-04 15:56:14 PooledDataSource.java DEBUG PooledDataSource forcefully closed/removed all connections.
2020-03-04 15:56:14 PooledDataSource.java DEBUG PooledDataSource forcefully closed/removed all connections.
2020-03-04 15:56:14 PooledDataSource.java DEBUG PooledDataSource forcefully closed/removed all connections.
2020-03-04 15:56:14 JdbcTransaction.java DEBUG Opening JDBC Connection
2020-03-04 15:56:15 PooledDataSource.java DEBUG Created connection 60292059.
2020-03-04 15:56:15 JdbcTransaction.java DEBUG Setting autocommit to false on JDBC Connection [com.mysql.cj.jdbc.ConnectionImpl@397fbdb]
2020-03-04 15:56:15 BaseJdbcLogger.java DEBUG ==>  Preparing: select * from maven 
2020-03-04 15:56:15 BaseJdbcLogger.java DEBUG ==> Parameters: 
2020-03-04 15:56:15 BaseJdbcLogger.java DEBUG <==      Total: 2
2020-03-04 15:56:15 JdbcTransaction.java DEBUG Resetting autocommit to true on JDBC Connection [com.mysql.cj.jdbc.ConnectionImpl@397fbdb]
2020-03-04 15:56:15 JdbcTransaction.java DEBUG Closing JDBC Connection [com.mysql.cj.jdbc.ConnectionImpl@397fbdb]
2020-03-04 15:56:15 PooledDataSource.java DEBUG Returned connection 60292059 to pool.
2020-03-04 15:56:57 LogFactory.java DEBUG Logging initialized using 'class org.apache.ibatis.logging.log4j.Log4jImpl' adapter.
2020-03-04 15:56:57 PooledDataSource.java DEBUG PooledDataSource forcefully closed/removed all connections.
2020-03-04 15:56:57 PooledDataSource.java DEBUG PooledDataSource forcefully closed/removed all connections.
2020-03-04 15:56:57 PooledDataSource.java DEBUG PooledDataSource forcefully closed/removed all connections.
2020-03-04 15:56:57 PooledDataSource.java DEBUG PooledDataSource forcefully closed/removed all connections.
2020-03-04 15:56:57 JdbcTransaction.java DEBUG Opening JDBC Connection
2020-03-04 15:56:58 PooledDataSource.java DEBUG Created connection 60292059.
2020-03-04 15:56:58 JdbcTransaction.java DEBUG Setting autocommit to false on JDBC Connection [com.mysql.cj.jdbc.ConnectionImpl@397fbdb]
2020-03-04 15:56:58 BaseJdbcLogger.java DEBUG ==>  Preparing: select * from mybatis 
2020-03-04 15:56:58 BaseJdbcLogger.java DEBUG ==> Parameters: 
2020-03-04 15:56:58 BaseJdbcLogger.java DEBUG <==      Total: 4
2020-03-04 15:56:58 JdbcTransaction.java DEBUG Resetting autocommit to true on JDBC Connection [com.mysql.cj.jdbc.ConnectionImpl@397fbdb]
2020-03-04 15:56:58 JdbcTransaction.java DEBUG Closing JDBC Connection [com.mysql.cj.jdbc.ConnectionImpl@397fbdb]
2020-03-04 15:56:58 PooledDataSource.java DEBUG Returned connection 60292059 to pool.
